Arguments: 
  C:\Program Files\nodejs\node.exe C:\Users\zhiwei.li\AppData\Roaming\npm\node_modules\yarn\bin\yarn.js start

PATH: 
  C:\Users\zhiwei.li\AppData\Local\oh-my-posh;C:\Program Files\PowerShell\7;C:\Windows\system32;C:\Windows;C:\Windows\System32\Wbem;C:\Windows\System32\WindowsPowerShell\v1.0\;C:\Windows\System32\OpenSSH\;C:\Program Files\dotnet\;node_global;C:\Users\zhiwei.li\AppData\Roaming\nvm;C:\Program Files\nodejs;C:\Program Files\Bandizip\;C:\Program Files\Docker\Docker\resources\bin;C:\Program Files\Amazon\AWSCLIV2\;C:\Users\zhiwei.li\AppData\Local\Programs\Python\Python310\Scripts;C:\Users\zhiwei.li\AppData\Roaming\nvm;C:\Program Files\nodejs;C:\Users\zhiwei.li\AppData\Roaming\npm;C:\Users\zhiwei.li\AppData\Local\Programs\Microsoft VS Code;C:\Program Files\PowerShell\7\;C:\WINDOWS\system32;C:\WINDOWS;C:\WINDOWS\System32\Wbem;C:\WINDOWS\System32\WindowsPowerShell\v1.0\;C:\WINDOWS\System32\OpenSSH\;C:\Program Files\Git\cmd;C:\Users\zhiwei.li\AppData\Local\Programs\Python\Python312\Scripts\;C:\Users\zhiwei.li\AppData\Local\Programs\Python\Python312\;C:\Users\zhiwei.li\AppData\Local\Microsoft\WindowsApps;C:\Users\zhiwei.li\AppData\Local\Programs\Microsoft VS Code\bin

Yarn version: 
  1.3.2

Node version: 
  16.20.2

Platform: 
  win32 x64

npm manifest: 
  {
      "scripts": {
          "start": "nodemon apiProxy.js",
      },
      "dependencies": {
          "aes-js": "^3.1.2",
          "async": "^3.2.5",
          "axios": "^1.6.7",
          "body-parser": "^1.20.2",
          "cookie-parser": "^1.4.6",
          "cors": "^2.8.5",
          "crypto-js": "^4.2.0",
          "express": "^4.18.3",
          "http-proxy-middleware": "^3.0.0",
          "jsencrypt": "^3.3.2",
          "natural": "^7.0.5",
          "node-jsencrypt": "^1.0.0",
          "nodemailer": "^6.9.11",
          "xlsx": "^0.18.5"
      }
  }

yarn manifest: 
  No manifest

Lockfile: 
  # THIS IS AN AUTOGENERATED FILE. DO NOT EDIT THIS FILE DIRECTLY.
  # yarn lockfile v1
  
  
  "@mongodb-js/saslprep@^1.1.5":
    version "1.1.6"
    resolved "https://registry.npmmirror.com/@mongodb-js/saslprep/-/saslprep-1.1.6.tgz#54da3f794c71a17445740fe2b74882e0c76a3058"
    dependencies:
      sparse-bitfield "^3.0.3"
  
  "@redis/bloom@1.2.0":
    version "1.2.0"
    resolved "https://registry.npmmirror.com/@redis/bloom/-/bloom-1.2.0.tgz#d3fd6d3c0af3ef92f26767b56414a370c7b63b71"
  
  "@redis/client@1.5.14":
    version "1.5.14"
    resolved "https://registry.npmmirror.com/@redis/client/-/client-1.5.14.tgz#1107893464d092f140d77c468b018a6ed306a180"
    dependencies:
      cluster-key-slot "1.1.2"
      generic-pool "3.9.0"
      yallist "4.0.0"
  
  "@redis/graph@1.1.1":
    version "1.1.1"
    resolved "https://registry.npmmirror.com/@redis/graph/-/graph-1.1.1.tgz#8c10df2df7f7d02741866751764031a957a170ea"
  
  "@redis/json@1.0.6":
    version "1.0.6"
    resolved "https://registry.npmmirror.com/@redis/json/-/json-1.0.6.tgz#b7a7725bbb907765d84c99d55eac3fcf772e180e"
  
  "@redis/search@1.1.6":
    version "1.1.6"
    resolved "https://registry.npmmirror.com/@redis/search/-/search-1.1.6.tgz#33bcdd791d9ed88ab6910243a355d85a7fedf756"
  
  "@redis/time-series@1.0.5":
    version "1.0.5"
    resolved "https://registry.npmmirror.com/@redis/time-series/-/time-series-1.0.5.tgz#a6d70ef7a0e71e083ea09b967df0a0ed742bc6ad"
  
  "@types/http-proxy@^1.17.10":
    version "1.17.14"
    resolved "https://registry.npmmirror.com/@types/http-proxy/-/http-proxy-1.17.14.tgz#57f8ccaa1c1c3780644f8a94f9c6b5000b5e2eec"
    dependencies:
      "@types/node" "*"
  
  "@types/node@*":
    version "20.14.9"
    resolved "https://registry.npmmirror.com/@types/node/-/node-20.14.9.tgz#12e8e765ab27f8c421a1820c99f5f313a933b420"
    dependencies:
      undici-types "~5.26.4"
  
  "@types/webidl-conversions@*":
    version "7.0.3"
    resolved "https://registry.npmmirror.com/@types/webidl-conversions/-/webidl-conversions-7.0.3.tgz#1306dbfa53768bcbcfc95a1c8cde367975581859"
  
  "@types/whatwg-url@^11.0.2":
    version "11.0.4"
    resolved "https://registry.npmmirror.com/@types/whatwg-url/-/whatwg-url-11.0.4.tgz#ffed0dc8d89d91f62e3f368fcbda222a487c4f63"
    dependencies:
      "@types/webidl-conversions" "*"
  
  accepts@~1.3.8:
    version "1.3.8"
    resolved "https://registry.npmmirror.com/accepts/-/accepts-1.3.8.tgz"
    dependencies:
      mime-types "~2.1.34"
      negotiator "0.6.3"
  
  adler-32@~1.3.0:
    version "1.3.1"
    resolved "https://registry.npmmirror.com/adler-32/-/adler-32-1.3.1.tgz"
  
  aes-js@^3.1.2:
    version "3.1.2"
    resolved "https://registry.npmmirror.com/aes-js/-/aes-js-3.1.2.tgz"
  
  afinn-165-financialmarketnews@^3.0.0:
    version "3.0.0"
    resolved "https://registry.npmmirror.com/afinn-165-financialmarketnews/-/afinn-165-financialmarketnews-3.0.0.tgz#cf422577775bf94f9bc156f3f001a1f29338c3d8"
  
  afinn-165@^1.0.2:
    version "1.0.4"
    resolved "https://registry.npmmirror.com/afinn-165/-/afinn-165-1.0.4.tgz#3abf6b8922dd5db84d84e0abd155924381dd73a4"
  
  apparatus@^0.0.10:
    version "0.0.10"
    resolved "https://registry.npmmirror.com/apparatus/-/apparatus-0.0.10.tgz#81ea756772ada77863db54ceee8202c109bdca3e"
    dependencies:
      sylvester ">= 0.0.8"
  
  array-flatten@1.1.1:
    version "1.1.1"
    resolved "https://registry.npmmirror.com/array-flatten/-/array-flatten-1.1.1.tgz"
  
  async@^3.2.5:
    version "3.2.5"
    resolved "https://registry.npmmirror.com/async/-/async-3.2.5.tgz"
  
  asynckit@^0.4.0:
    version "0.4.0"
    resolved "https://registry.npmmirror.com/asynckit/-/asynckit-0.4.0.tgz"
  
  axios@^1.6.7:
    version "1.6.7"
    resolved "https://registry.npmmirror.com/axios/-/axios-1.6.7.tgz"
    dependencies:
      follow-redirects "^1.15.4"
      form-data "^4.0.0"
      proxy-from-env "^1.1.0"
  
  body-parser@1.20.2, body-parser@^1.20.2:
    version "1.20.2"
    resolved "https://registry.npmmirror.com/body-parser/-/body-parser-1.20.2.tgz"
    dependencies:
      bytes "3.1.2"
      content-type "~1.0.5"
      debug "2.6.9"
      depd "2.0.0"
      destroy "1.2.0"
      http-errors "2.0.0"
      iconv-lite "0.4.24"
      on-finished "2.4.1"
      qs "6.11.0"
      raw-body "2.5.2"
      type-is "~1.6.18"
      unpipe "1.0.0"
  
  braces@^3.0.3:
    version "3.0.3"
    resolved "https://registry.npmmirror.com/braces/-/braces-3.0.3.tgz#490332f40919452272d55a8480adc0c441358789"
    dependencies:
      fill-range "^7.1.1"
  
  bson@^6.4.0, bson@^6.5.0:
    version "6.7.0"
    resolved "https://registry.npmmirror.com/bson/-/bson-6.7.0.tgz#51973b132cdc424c8372fda3cb43e3e3e2ae2227"
  
  bytes@3.1.2:
    version "3.1.2"
    resolved "https://registry.npmmirror.com/bytes/-/bytes-3.1.2.tgz"
  
  call-bind@^1.0.7:
    version "1.0.7"
    resolved "https://registry.npmmirror.com/call-bind/-/call-bind-1.0.7.tgz"
    dependencies:
      es-define-property "^1.0.0"
      es-errors "^1.3.0"
      function-bind "^1.1.2"
      get-intrinsic "^1.2.4"
      set-function-length "^1.2.1"
  
  cfb@~1.2.1:
    version "1.2.2"
    resolved "https://registry.npmmirror.com/cfb/-/cfb-1.2.2.tgz"
    dependencies:
      adler-32 "~1.3.0"
      crc-32 "~1.2.0"
  
  cluster-key-slot@1.1.2:
    version "1.1.2"
    resolved "https://registry.npmmirror.com/cluster-key-slot/-/cluster-key-slot-1.1.2.tgz#88ddaa46906e303b5de30d3153b7d9fe0a0c19ac"
  
  codepage@~1.15.0:
    version "1.15.0"
    resolved "https://registry.npmmirror.com/codepage/-/codepage-1.15.0.tgz"
  
  combined-stream@^1.0.8:
    version "1.0.8"
    resolved "https://registry.npmmirror.com/combined-stream/-/combined-stream-1.0.8.tgz"
    dependencies:
      delayed-stream "~1.0.0"
  
  content-disposition@0.5.4:
    version "0.5.4"
    resolved "https://registry.npmmirror.com/content-disposition/-/content-disposition-0.5.4.tgz"
    dependencies:
      safe-buffer "5.2.1"
  
  content-type@~1.0.4, content-type@~1.0.5:
    version "1.0.5"
    resolved "https://registry.npmmirror.com/content-type/-/content-type-1.0.5.tgz"
  
  cookie-parser@^1.4.6:
    version "1.4.6"
    resolved "https://registry.npmmirror.com/cookie-parser/-/cookie-parser-1.4.6.tgz#3ac3a7d35a7a03bbc7e365073a26074824214594"
    dependencies:
      cookie "0.4.1"
      cookie-signature "1.0.6"
  
  cookie-signature@1.0.6:
    version "1.0.6"
    resolved "https://registry.npmmirror.com/cookie-signature/-/cookie-signature-1.0.6.tgz"
  
  cookie@0.4.1:
    version "0.4.1"
    resolved "https://registry.npmmirror.com/cookie/-/cookie-0.4.1.tgz#afd713fe26ebd21ba95ceb61f9a8116e50a537d1"
  
  cookie@0.5.0:
    version "0.5.0"
    resolved "https://registry.npmmirror.com/cookie/-/cookie-0.5.0.tgz"
  
  cors@^2.8.5:
    version "2.8.5"
    resolved "https://registry.npmmirror.com/cors/-/cors-2.8.5.tgz#eac11da51592dd86b9f06f6e7ac293b3df875d29"
    dependencies:
      object-assign "^4"
      vary "^1"
  
  crc-32@~1.2.0, crc-32@~1.2.1:
    version "1.2.2"
    resolved "https://registry.npmmirror.com/crc-32/-/crc-32-1.2.2.tgz"
  
  crypto-js@^4.2.0:
    version "4.2.0"
    resolved "https://registry.npmmirror.com/crypto-js/-/crypto-js-4.2.0.tgz"
  
  debug@2.6.9:
    version "2.6.9"
    resolved "https://registry.npmmirror.com/debug/-/debug-2.6.9.tgz"
    dependencies:
      ms "2.0.0"
  
  debug@4.x:
    version "4.3.4"
    resolved "https://registry.npmmirror.com/debug/-/debug-4.3.4.tgz#1319f6579357f2338d3337d2cdd4914bb5dcc865"
    dependencies:
      ms "2.1.2"
  
  debug@^4.3.4:
    version "4.3.5"
    resolved "https://registry.npmmirror.com/debug/-/debug-4.3.5.tgz#e83444eceb9fedd4a1da56d671ae2446a01a6e1e"
    dependencies:
      ms "2.1.2"
  
  define-data-property@^1.1.4:
    version "1.1.4"
    resolved "https://registry.npmmirror.com/define-data-property/-/define-data-property-1.1.4.tgz#894dc141bb7d3060ae4366f6a0107e68fbe48c5e"
    dependencies:
      es-define-property "^1.0.0"
      es-errors "^1.3.0"
      gopd "^1.0.1"
  
  delayed-stream@~1.0.0:
    version "1.0.0"
    resolved "https://registry.npmmirror.com/delayed-stream/-/delayed-stream-1.0.0.tgz"
  
  depd@2.0.0:
    version "2.0.0"
    resolved "https://registry.npmmirror.com/depd/-/depd-2.0.0.tgz"
  
  destroy@1.2.0:
    version "1.2.0"
    resolved "https://registry.npmmirror.com/destroy/-/destroy-1.2.0.tgz"
  
  dom-walk@^0.1.0:
    version "0.1.2"
    resolved "https://registry.npmmirror.com/dom-walk/-/dom-walk-0.1.2.tgz"
  
  dotenv@^16.4.5:
    version "16.4.5"
    resolved "https://registry.npmmirror.com/dotenv/-/dotenv-16.4.5.tgz#cdd3b3b604cb327e286b4762e13502f717cb099f"
  
  ee-first@1.1.1:
    version "1.1.1"
    resolved "https://registry.npmmirror.com/ee-first/-/ee-first-1.1.1.tgz"
  
  encodeurl@~1.0.2:
    version "1.0.2"
    resolved "https://registry.npmmirror.com/encodeurl/-/encodeurl-1.0.2.tgz"
  
  es-define-property@^1.0.0:
    version "1.0.0"
    resolved "https://registry.npmmirror.com/es-define-property/-/es-define-property-1.0.0.tgz"
    dependencies:
      get-intrinsic "^1.2.4"
  
  es-errors@^1.3.0:
    version "1.3.0"
    resolved "https://registry.npmmirror.com/es-errors/-/es-errors-1.3.0.tgz"
  
  escape-html@~1.0.3:
    version "1.0.3"
    resolved "https://registry.npmmirror.com/escape-html/-/escape-html-1.0.3.tgz"
  
  etag@~1.8.1:
    version "1.8.1"
    resolved "https://registry.npmmirror.com/etag/-/etag-1.8.1.tgz"
  
  eventemitter3@^4.0.0:
    version "4.0.7"
    resolved "https://registry.npmmirror.com/eventemitter3/-/eventemitter3-4.0.7.tgz#2de9b68f6528d5644ef5c59526a1b4a07306169f"
  
  express@^4.18.3:
    version "4.18.3"
    resolved "https://registry.npmmirror.com/express/-/express-4.18.3.tgz"
    dependencies:
      accepts "~1.3.8"
      array-flatten "1.1.1"
      body-parser "1.20.2"
      content-disposition "0.5.4"
      content-type "~1.0.4"
      cookie "0.5.0"
      cookie-signature "1.0.6"
      debug "2.6.9"
      depd "2.0.0"
      encodeurl "~1.0.2"
      escape-html "~1.0.3"
      etag "~1.8.1"
      finalhandler "1.2.0"
      fresh "0.5.2"
      http-errors "2.0.0"
      merge-descriptors "1.0.1"
      methods "~1.1.2"
      on-finished "2.4.1"
      parseurl "~1.3.3"
      path-to-regexp "0.1.7"
      proxy-addr "~2.0.7"
      qs "6.11.0"
      range-parser "~1.2.1"
      safe-buffer "5.2.1"
      send "0.18.0"
      serve-static "1.15.0"
      setprototypeof "1.2.0"
      statuses "2.0.1"
      type-is "~1.6.18"
      utils-merge "1.0.1"
      vary "~1.1.2"
  
  fill-range@^7.1.1:
    version "7.1.1"
    resolved "https://registry.npmmirror.com/fill-range/-/fill-range-7.1.1.tgz#44265d3cac07e3ea7dc247516380643754a05292"
    dependencies:
      to-regex-range "^5.0.1"
  
  finalhandler@1.2.0:
    version "1.2.0"
    resolved "https://registry.npmmirror.com/finalhandler/-/finalhandler-1.2.0.tgz"
    dependencies:
      debug "2.6.9"
      encodeurl "~1.0.2"
      escape-html "~1.0.3"
      on-finished "2.4.1"
      parseurl "~1.3.3"
      statuses "2.0.1"
      unpipe "~1.0.0"
  
  follow-redirects@^1.0.0:
    version "1.15.6"
    resolved "https://registry.npmmirror.com/follow-redirects/-/follow-redirects-1.15.6.tgz#7f815c0cda4249c74ff09e95ef97c23b5fd0399b"
  
  follow-redirects@^1.15.4:
    version "1.15.5"
    resolved "https://registry.npmmirror.com/follow-redirects/-/follow-redirects-1.15.5.tgz"
  
  form-data@^4.0.0:
    version "4.0.0"
    resolved "https://registry.npmmirror.com/form-data/-/form-data-4.0.0.tgz"
    dependencies:
      asynckit "^0.4.0"
      combined-stream "^1.0.8"
      mime-types "^2.1.12"
  
  forwarded@0.2.0:
    version "0.2.0"
    resolved "https://registry.npmmirror.com/forwarded/-/forwarded-0.2.0.tgz"
  
  frac@~1.1.2:
    version "1.1.2"
    resolved "https://registry.npmmirror.com/frac/-/frac-1.1.2.tgz"
  
  fresh@0.5.2:
    version "0.5.2"
    resolved "https://registry.npmmirror.com/fresh/-/fresh-0.5.2.tgz"
  
  function-bind@^1.1.2:
    version "1.1.2"
    resolved "https://registry.npmmirror.com/function-bind/-/function-bind-1.1.2.tgz"
  
  generic-pool@3.9.0:
    version "3.9.0"
    resolved "https://registry.npmmirror.com/generic-pool/-/generic-pool-3.9.0.tgz#36f4a678e963f4fdb8707eab050823abc4e8f5e4"
  
  get-intrinsic@^1.1.3, get-intrinsic@^1.2.4:
    version "1.2.4"
    resolved "https://registry.npmmirror.com/get-intrinsic/-/get-intrinsic-1.2.4.tgz"
    dependencies:
      es-errors "^1.3.0"
      function-bind "^1.1.2"
      has-proto "^1.0.1"
      has-symbols "^1.0.3"
      hasown "^2.0.0"
  
  get-random-values@^1.2.0:
    version "1.2.2"
    resolved "https://registry.npmmirror.com/get-random-values/-/get-random-values-1.2.2.tgz"
    dependencies:
      global "^4.4.0"
  
  global@^4.4.0:
    version "4.4.0"
    resolved "https://registry.npmmirror.com/global/-/global-4.4.0.tgz"
    dependencies:
      min-document "^2.19.0"
      process "^0.11.10"
  
  gopd@^1.0.1:
    version "1.0.1"
    resolved "https://registry.npmmirror.com/gopd/-/gopd-1.0.1.tgz"
    dependencies:
      get-intrinsic "^1.1.3"
  
  has-property-descriptors@^1.0.2:
    version "1.0.2"
    resolved "https://registry.npmmirror.com/has-property-descriptors/-/has-property-descriptors-1.0.2.tgz#963ed7d071dc7bf5f084c5bfbe0d1b6222586854"
    dependencies:
      es-define-property "^1.0.0"
  
  has-proto@^1.0.1:
    version "1.0.3"
    resolved "https://registry.npmmirror.com/has-proto/-/has-proto-1.0.3.tgz"
  
  has-symbols@^1.0.3:
    version "1.0.3"
    resolved "https://registry.npmmirror.com/has-symbols/-/has-symbols-1.0.3.tgz"
  
  hasown@^2.0.0:
    version "2.0.2"
    resolved "https://registry.npmmirror.com/hasown/-/hasown-2.0.2.tgz#003eaf91be7adc372e84ec59dc37252cedb80003"
    dependencies:
      function-bind "^1.1.2"
  
  http-errors@2.0.0:
    version "2.0.0"
    resolved "https://registry.npmmirror.com/http-errors/-/http-errors-2.0.0.tgz"
    dependencies:
      depd "2.0.0"
      inherits "2.0.4"
      setprototypeof "1.2.0"
      statuses "2.0.1"
      toidentifier "1.0.1"
  
  http-proxy-middleware@^3.0.0:
    version "3.0.0"
    resolved "https://registry.npmmirror.com/http-proxy-middleware/-/http-proxy-middleware-3.0.0.tgz#550790357d6f92a9b82ab2d63e07343a791cf26b"
    dependencies:
      "@types/http-proxy" "^1.17.10"
      debug "^4.3.4"
      http-proxy "^1.18.1"
      is-glob "^4.0.1"
      is-plain-obj "^3.0.0"
      micromatch "^4.0.5"
  
  http-proxy@^1.18.1:
    version "1.18.1"
    resolved "https://registry.npmmirror.com/http-proxy/-/http-proxy-1.18.1.tgz#401541f0534884bbf95260334e72f88ee3976549"
    dependencies:
      eventemitter3 "^4.0.0"
      follow-redirects "^1.0.0"
      requires-port "^1.0.0"
  
  iconv-lite@0.4.24:
    version "0.4.24"
    resolved "https://registry.npmmirror.com/iconv-lite/-/iconv-lite-0.4.24.tgz"
    dependencies:
      safer-buffer ">= 2.1.2 < 3"
  
  inherits@2.0.4:
    version "2.0.4"
    resolved "https://registry.npmmirror.com/inherits/-/inherits-2.0.4.tgz"
  
  ipaddr.js@1.9.1:
    version "1.9.1"
    resolved "https://registry.npmmirror.com/ipaddr.js/-/ipaddr.js-1.9.1.tgz"
  
  is-extglob@^2.1.1:
    version "2.1.1"
    resolved "https://registry.npmmirror.com/is-extglob/-/is-extglob-2.1.1.tgz#a88c02535791f02ed37c76a1b9ea9773c833f8c2"
  
  is-glob@^4.0.1:
    version "4.0.3"
    resolved "https://registry.npmmirror.com/is-glob/-/is-glob-4.0.3.tgz#64f61e42cbbb2eec2071a9dac0b28ba1e65d5084"
    dependencies:
      is-extglob "^2.1.1"
  
  is-number@^7.0.0:
    version "7.0.0"
    resolved "https://registry.npmmirror.com/is-number/-/is-number-7.0.0.tgz#7535345b896734d5f80c4d06c50955527a14f12b"
  
  is-plain-obj@^3.0.0:
    version "3.0.0"
    resolved "https://registry.npmmirror.com/is-plain-obj/-/is-plain-obj-3.0.0.tgz#af6f2ea14ac5a646183a5bbdb5baabbc156ad9d7"
  
  jsencrypt@^3.3.2:
    version "3.3.2"
    resolved "https://registry.npmmirror.com/jsencrypt/-/jsencrypt-3.3.2.tgz"
  
  kareem@2.6.3:
    version "2.6.3"
    resolved "https://registry.npmmirror.com/kareem/-/kareem-2.6.3.tgz#23168ec8ffb6c1abfd31b7169a6fb1dd285992ac"
  
  media-typer@0.3.0:
    version "0.3.0"
    resolved "https://registry.npmmirror.com/media-typer/-/media-typer-0.3.0.tgz"
  
  memjs@^1.3.2:
    version "1.3.2"
    resolved "https://registry.npmmirror.com/memjs/-/memjs-1.3.2.tgz#0b6229bddba00162d1e281ed454217435c4968b3"
  
  memory-pager@^1.0.2:
    version "1.5.0"
    resolved "https://registry.npmmirror.com/memory-pager/-/memory-pager-1.5.0.tgz#d8751655d22d384682741c972f2c3d6dfa3e66b5"
  
  merge-descriptors@1.0.1:
    version "1.0.1"
    resolved "https://registry.npmmirror.com/merge-descriptors/-/merge-descriptors-1.0.1.tgz"
  
  methods@~1.1.2:
    version "1.1.2"
    resolved "https://registry.npmmirror.com/methods/-/methods-1.1.2.tgz"
  
  micromatch@^4.0.5:
    version "4.0.7"
    resolved "https://registry.npmmirror.com/micromatch/-/micromatch-4.0.7.tgz#33e8190d9fe474a9895525f5618eee136d46c2e5"
    dependencies:
      braces "^3.0.3"
      picomatch "^2.3.1"
  
  mime-db@1.52.0:
    version "1.52.0"
    resolved "https://registry.npmmirror.com/mime-db/-/mime-db-1.52.0.tgz"
  
  mime-types@^2.1.12, mime-types@~2.1.24, mime-types@~2.1.34:
    version "2.1.35"
    resolved "https://registry.npmmirror.com/mime-types/-/mime-types-2.1.35.tgz"
    dependencies:
      mime-db "1.52.0"
  
  mime@1.6.0:
    version "1.6.0"
    resolved "https://registry.npmmirror.com/mime/-/mime-1.6.0.tgz"
  
  min-document@^2.19.0:
    version "2.19.0"
    resolved "https://registry.npmmirror.com/min-document/-/min-document-2.19.0.tgz"
    dependencies:
      dom-walk "^0.1.0"
  
  mongodb-connection-string-url@^3.0.0:
    version "3.0.0"
    resolved "https://registry.npmmirror.com/mongodb-connection-string-url/-/mongodb-connection-string-url-3.0.0.tgz#b4f87f92fd8593f3b9365f592515a06d304a1e9c"
    dependencies:
      "@types/whatwg-url" "^11.0.2"
      whatwg-url "^13.0.0"
  
  mongodb@6.5.0:
    version "6.5.0"
    resolved "https://registry.npmmirror.com/mongodb/-/mongodb-6.5.0.tgz#3735b4fba085b26ca06f7744e9639bc538e93d87"
    dependencies:
      "@mongodb-js/saslprep" "^1.1.5"
      bson "^6.4.0"
      mongodb-connection-string-url "^3.0.0"
  
  mongoose@^8.2.0:
    version "8.3.4"
    resolved "https://registry.npmmirror.com/mongoose/-/mongoose-8.3.4.tgz#67af8b1db41ed3dcef8449a0d1c6643e6f228d92"
    dependencies:
      bson "^6.5.0"
      kareem "2.6.3"
      mongodb "6.5.0"
      mpath "0.9.0"
      mquery "5.0.0"
      ms "2.1.3"
      sift "17.1.3"
  
  mpath@0.9.0:
    version "0.9.0"
    resolved "https://registry.npmmirror.com/mpath/-/mpath-0.9.0.tgz#0c122fe107846e31fc58c75b09c35514b3871904"
  
  mquery@5.0.0:
    version "5.0.0"
    resolved "https://registry.npmmirror.com/mquery/-/mquery-5.0.0.tgz#a95be5dfc610b23862df34a47d3e5d60e110695d"
    dependencies:
      debug "4.x"
  
  ms@2.0.0:
    version "2.0.0"
    resolved "https://registry.npmmirror.com/ms/-/ms-2.0.0.tgz"
  
  ms@2.1.2:
    version "2.1.2"
    resolved "https://registry.npmmirror.com/ms/-/ms-2.1.2.tgz#d09d1f357b443f493382a8eb3ccd183872ae6009"
  
  ms@2.1.3:
    version "2.1.3"
    resolved "https://registry.npmmirror.com/ms/-/ms-2.1.3.tgz"
  
  natural@^7.0.5:
    version "7.0.5"
    resolved "https://registry.npmmirror.com/natural/-/natural-7.0.5.tgz#c5e299545634c09acae0ebee0f563ef1c7916193"
    dependencies:
      afinn-165 "^1.0.2"
      afinn-165-financialmarketnews "^3.0.0"
      apparatus "^0.0.10"
      dotenv "^16.4.5"
      memjs "^1.3.2"
      mongoose "^8.2.0"
      pg "^8.11.3"
      redis "^4.6.13"
      safe-stable-stringify "^2.2.0"
      stopwords-iso "^1.1.0"
      sylvester "^0.0.12"
      underscore "^1.9.1"
      uuid "^9.0.1"
      wordnet-db "^3.1.11"
  
  negotiator@0.6.3:
    version "0.6.3"
    resolved "https://registry.npmmirror.com/negotiator/-/negotiator-0.6.3.tgz"
  
  node-jsencrypt@^1.0.0:
    version "1.0.0"
    resolved "https://registry.npmmirror.com/node-jsencrypt/-/node-jsencrypt-1.0.0.tgz"
    dependencies:
      get-random-values "^1.2.0"
  
  nodemailer@^6.9.11:
    version "6.9.11"
    resolved "https://registry.npmmirror.com/nodemailer/-/nodemailer-6.9.11.tgz"
  
  object-assign@^4:
    version "4.1.1"
    resolved "https://registry.npmmirror.com/object-assign/-/object-assign-4.1.1.tgz#2109adc7965887cfc05cbbd442cac8bfbb360863"
  
  object-inspect@^1.13.1:
    version "1.13.1"
    resolved "https://registry.npmmirror.com/object-inspect/-/object-inspect-1.13.1.tgz"
  
  on-finished@2.4.1:
    version "2.4.1"
    resolved "https://registry.npmmirror.com/on-finished/-/on-finished-2.4.1.tgz"
    dependencies:
      ee-first "1.1.1"
  
  parseurl@~1.3.3:
    version "1.3.3"
    resolved "https://registry.npmmirror.com/parseurl/-/parseurl-1.3.3.tgz"
  
  path-to-regexp@0.1.7:
    version "0.1.7"
    resolved "https://registry.npmmirror.com/path-to-regexp/-/path-to-regexp-0.1.7.tgz"
  
  pg-cloudflare@^1.1.1:
    version "1.1.1"
    resolved "https://registry.npmmirror.com/pg-cloudflare/-/pg-cloudflare-1.1.1.tgz#e6d5833015b170e23ae819e8c5d7eaedb472ca98"
  
  pg-connection-string@^2.6.4:
    version "2.6.4"
    resolved "https://registry.npmmirror.com/pg-connection-string/-/pg-connection-string-2.6.4.tgz#f543862adfa49fa4e14bc8a8892d2a84d754246d"
  
  pg-int8@1.0.1:
    version "1.0.1"
    resolved "https://registry.npmmirror.com/pg-int8/-/pg-int8-1.0.1.tgz#943bd463bf5b71b4170115f80f8efc9a0c0eb78c"
  
  pg-pool@^3.6.2:
    version "3.6.2"
    resolved "https://registry.npmmirror.com/pg-pool/-/pg-pool-3.6.2.tgz#3a592370b8ae3f02a7c8130d245bc02fa2c5f3f2"
  
  pg-protocol@^1.6.1:
    version "1.6.1"
    resolved "https://registry.npmmirror.com/pg-protocol/-/pg-protocol-1.6.1.tgz#21333e6d83b01faaebfe7a33a7ad6bfd9ed38cb3"
  
  pg-types@^2.1.0:
    version "2.2.0"
    resolved "https://registry.npmmirror.com/pg-types/-/pg-types-2.2.0.tgz#2d0250d636454f7cfa3b6ae0382fdfa8063254a3"
    dependencies:
      pg-int8 "1.0.1"
      postgres-array "~2.0.0"
      postgres-bytea "~1.0.0"
      postgres-date "~1.0.4"
      postgres-interval "^1.1.0"
  
  pg@^8.11.3:
    version "8.11.5"
    resolved "https://registry.npmmirror.com/pg/-/pg-8.11.5.tgz#e722b0a5f1ed92931c31758ebec3ddf878dd4128"
    dependencies:
      pg-connection-string "^2.6.4"
      pg-pool "^3.6.2"
      pg-protocol "^1.6.1"
      pg-types "^2.1.0"
      pgpass "1.x"
    optionalDependencies:
      pg-cloudflare "^1.1.1"
  
  pgpass@1.x:
    version "1.0.5"
    resolved "https://registry.npmmirror.com/pgpass/-/pgpass-1.0.5.tgz#9b873e4a564bb10fa7a7dbd55312728d422a223d"
    dependencies:
      split2 "^4.1.0"
  
  picomatch@^2.3.1:
    version "2.3.1"
    resolved "https://registry.npmmirror.com/picomatch/-/picomatch-2.3.1.tgz#3ba3833733646d9d3e4995946c1365a67fb07a42"
  
  postgres-array@~2.0.0:
    version "2.0.0"
    resolved "https://registry.npmmirror.com/postgres-array/-/postgres-array-2.0.0.tgz#48f8fce054fbc69671999329b8834b772652d82e"
  
  postgres-bytea@~1.0.0:
    version "1.0.0"
    resolved "https://registry.npmmirror.com/postgres-bytea/-/postgres-bytea-1.0.0.tgz#027b533c0aa890e26d172d47cf9ccecc521acd35"
  
  postgres-date@~1.0.4:
    version "1.0.7"
    resolved "https://registry.npmmirror.com/postgres-date/-/postgres-date-1.0.7.tgz#51bc086006005e5061c591cee727f2531bf641a8"
  
  postgres-interval@^1.1.0:
    version "1.2.0"
    resolved "https://registry.npmmirror.com/postgres-interval/-/postgres-interval-1.2.0.tgz#b460c82cb1587507788819a06aa0fffdb3544695"
    dependencies:
      xtend "^4.0.0"
  
  process@^0.11.10:
    version "0.11.10"
    resolved "https://registry.npmmirror.com/process/-/process-0.11.10.tgz"
  
  proxy-addr@~2.0.7:
    version "2.0.7"
    resolved "https://registry.npmmirror.com/proxy-addr/-/proxy-addr-2.0.7.tgz"
    dependencies:
      forwarded "0.2.0"
      ipaddr.js "1.9.1"
  
  proxy-from-env@^1.1.0:
    version "1.1.0"
    resolved "https://registry.npmmirror.com/proxy-from-env/-/proxy-from-env-1.1.0.tgz"
  
  punycode@^2.3.0:
    version "2.3.1"
    resolved "https://registry.npmmirror.com/punycode/-/punycode-2.3.1.tgz#027422e2faec0b25e1549c3e1bd8309b9133b6e5"
  
  qs@6.11.0:
    version "6.11.0"
    resolved "https://registry.npmmirror.com/qs/-/qs-6.11.0.tgz"
    dependencies:
      side-channel "^1.0.4"
  
  range-parser@~1.2.1:
    version "1.2.1"
    resolved "https://registry.npmmirror.com/range-parser/-/range-parser-1.2.1.tgz"
  
  raw-body@2.5.2:
    version "2.5.2"
    resolved "https://registry.npmmirror.com/raw-body/-/raw-body-2.5.2.tgz"
    dependencies:
      bytes "3.1.2"
      http-errors "2.0.0"
      iconv-lite "0.4.24"
      unpipe "1.0.0"
  
  redis@^4.6.13:
    version "4.6.13"
    resolved "https://registry.npmmirror.com/redis/-/redis-4.6.13.tgz#e247267c5f3ba35ab8277b57343d3a56acb2f0a6"
    dependencies:
      "@redis/bloom" "1.2.0"
      "@redis/client" "1.5.14"
      "@redis/graph" "1.1.1"
      "@redis/json" "1.0.6"
      "@redis/search" "1.1.6"
      "@redis/time-series" "1.0.5"
  
  requires-port@^1.0.0:
    version "1.0.0"
    resolved "https://registry.npmmirror.com/requires-port/-/requires-port-1.0.0.tgz#925d2601d39ac485e091cf0da5c6e694dc3dcaff"
  
  safe-buffer@5.2.1:
    version "5.2.1"
    resolved "https://registry.npmmirror.com/safe-buffer/-/safe-buffer-5.2.1.tgz"
  
  safe-stable-stringify@^2.2.0:
    version "2.4.3"
    resolved "https://registry.npmmirror.com/safe-stable-stringify/-/safe-stable-stringify-2.4.3.tgz#138c84b6f6edb3db5f8ef3ef7115b8f55ccbf886"
  
  "safer-buffer@>= 2.1.2 < 3":
    version "2.1.2"
    resolved "https://registry.npmmirror.com/safer-buffer/-/safer-buffer-2.1.2.tgz"
  
  send@0.18.0:
    version "0.18.0"
    resolved "https://registry.npmmirror.com/send/-/send-0.18.0.tgz"
    dependencies:
      debug "2.6.9"
      depd "2.0.0"
      destroy "1.2.0"
      encodeurl "~1.0.2"
      escape-html "~1.0.3"
      etag "~1.8.1"
      fresh "0.5.2"
      http-errors "2.0.0"
      mime "1.6.0"
      ms "2.1.3"
      on-finished "2.4.1"
      range-parser "~1.2.1"
      statuses "2.0.1"
  
  serve-static@1.15.0:
    version "1.15.0"
    resolved "https://registry.npmmirror.com/serve-static/-/serve-static-1.15.0.tgz"
    dependencies:
      encodeurl "~1.0.2"
      escape-html "~1.0.3"
      parseurl "~1.3.3"
      send "0.18.0"
  
  set-function-length@^1.2.1:
    version "1.2.2"
    resolved "https://registry.npmmirror.com/set-function-length/-/set-function-length-1.2.2.tgz#aac72314198eaed975cf77b2c3b6b880695e5449"
    dependencies:
      define-data-property "^1.1.4"
      es-errors "^1.3.0"
      function-bind "^1.1.2"
      get-intrinsic "^1.2.4"
      gopd "^1.0.1"
      has-property-descriptors "^1.0.2"
  
  setprototypeof@1.2.0:
    version "1.2.0"
    resolved "https://registry.npmmirror.com/setprototypeof/-/setprototypeof-1.2.0.tgz"
  
  side-channel@^1.0.4:
    version "1.0.6"
    resolved "https://registry.npmmirror.com/side-channel/-/side-channel-1.0.6.tgz"
    dependencies:
      call-bind "^1.0.7"
      es-errors "^1.3.0"
      get-intrinsic "^1.2.4"
      object-inspect "^1.13.1"
  
  sift@17.1.3:
    version "17.1.3"
    resolved "https://registry.npmmirror.com/sift/-/sift-17.1.3.tgz#9d2000d4d41586880b0079b5183d839c7a142bf7"
  
  sparse-bitfield@^3.0.3:
    version "3.0.3"
    resolved "https://registry.npmmirror.com/sparse-bitfield/-/sparse-bitfield-3.0.3.tgz#ff4ae6e68656056ba4b3e792ab3334d38273ca11"
    dependencies:
      memory-pager "^1.0.2"
  
  split2@^4.1.0:
    version "4.2.0"
    resolved "https://registry.npmmirror.com/split2/-/split2-4.2.0.tgz#c9c5920904d148bab0b9f67145f245a86aadbfa4"
  
  ssf@~0.11.2:
    version "0.11.2"
    resolved "https://registry.npmmirror.com/ssf/-/ssf-0.11.2.tgz"
    dependencies:
      frac "~1.1.2"
  
  statuses@2.0.1:
    version "2.0.1"
    resolved "https://registry.npmmirror.com/statuses/-/statuses-2.0.1.tgz"
  
  stopwords-iso@^1.1.0:
    version "1.1.0"
    resolved "https://registry.npmmirror.com/stopwords-iso/-/stopwords-iso-1.1.0.tgz#dc303db6b0842d4290bc1339b4eaf37b94219395"
  
  "sylvester@>= 0.0.8":
    version "0.0.21"
    resolved "https://registry.npmmirror.com/sylvester/-/sylvester-0.0.21.tgz#2987b1ce2bd2f38b0dce2a34388884bfa4400ea7"
  
  sylvester@^0.0.12:
    version "0.0.12"
    resolved "https://registry.npmmirror.com/sylvester/-/sylvester-0.0.12.tgz#5a884415cd2d002c57e7a3aac99462a75ce9fdb4"
  
  to-regex-range@^5.0.1:
    version "5.0.1"
    resolved "https://registry.npmmirror.com/to-regex-range/-/to-regex-range-5.0.1.tgz#1648c44aae7c8d988a326018ed72f5b4dd0392e4"
    dependencies:
      is-number "^7.0.0"
  
  toidentifier@1.0.1:
    version "1.0.1"
    resolved "https://registry.npmmirror.com/toidentifier/-/toidentifier-1.0.1.tgz"
  
  tr46@^4.1.1:
    version "4.1.1"
    resolved "https://registry.npmmirror.com/tr46/-/tr46-4.1.1.tgz#281a758dcc82aeb4fe38c7dfe4d11a395aac8469"
    dependencies:
      punycode "^2.3.0"
  
  type-is@~1.6.18:
    version "1.6.18"
    resolved "https://registry.npmmirror.com/type-is/-/type-is-1.6.18.tgz"
    dependencies:
      media-typer "0.3.0"
      mime-types "~2.1.24"
  
  underscore@^1.9.1:
    version "1.13.6"
    resolved "https://registry.npmmirror.com/underscore/-/underscore-1.13.6.tgz#04786a1f589dc6c09f761fc5f45b89e935136441"
  
  undici-types@~5.26.4:
    version "5.26.5"
    resolved "https://registry.npmmirror.com/undici-types/-/undici-types-5.26.5.tgz#bcd539893d00b56e964fd2657a4866b221a65617"
  
  unpipe@1.0.0, unpipe@~1.0.0:
    version "1.0.0"
    resolved "https://registry.npmmirror.com/unpipe/-/unpipe-1.0.0.tgz"
  
  utils-merge@1.0.1:
    version "1.0.1"
    resolved "https://registry.npmmirror.com/utils-merge/-/utils-merge-1.0.1.tgz"
  
  uuid@^9.0.1:
    version "9.0.1"
    resolved "https://registry.npmmirror.com/uuid/-/uuid-9.0.1.tgz#e188d4c8853cc722220392c424cd637f32293f30"
  
  vary@^1, vary@~1.1.2:
    version "1.1.2"
    resolved "https://registry.npmmirror.com/vary/-/vary-1.1.2.tgz"
  
  webidl-conversions@^7.0.0:
    version "7.0.0"
    resolved "https://registry.npmmirror.com/webidl-conversions/-/webidl-conversions-7.0.0.tgz#256b4e1882be7debbf01d05f0aa2039778ea080a"
  
  whatwg-url@^13.0.0:
    version "13.0.0"
    resolved "https://registry.npmmirror.com/whatwg-url/-/whatwg-url-13.0.0.tgz#b7b536aca48306394a34e44bda8e99f332410f8f"
    dependencies:
      tr46 "^4.1.1"
      webidl-conversions "^7.0.0"
  
  wmf@~1.0.1:
    version "1.0.2"
    resolved "https://registry.npmmirror.com/wmf/-/wmf-1.0.2.tgz"
  
  word@~0.3.0:
    version "0.3.0"
    resolved "https://registry.npmmirror.com/word/-/word-0.3.0.tgz"
  
  wordnet-db@^3.1.11:
    version "3.1.14"
    resolved "https://registry.npmmirror.com/wordnet-db/-/wordnet-db-3.1.14.tgz#7ba1ec2cb5730393f0856efcc738a60085426199"
  
  xlsx@^0.18.5:
    version "0.18.5"
    resolved "https://registry.npmmirror.com/xlsx/-/xlsx-0.18.5.tgz"
    dependencies:
      adler-32 "~1.3.0"
      cfb "~1.2.1"
      codepage "~1.15.0"
      crc-32 "~1.2.1"
      ssf "~0.11.2"
      wmf "~1.0.1"
      word "~0.3.0"
  
  xtend@^4.0.0:
    version "4.0.2"
    resolved "https://registry.npmmirror.com/xtend/-/xtend-4.0.2.tgz#bb72779f5fa465186b1f438f674fa347fdb5db54"
  
  yallist@4.0.0:
    version "4.0.0"
    resolved "https://registry.npmmirror.com/yallist/-/yallist-4.0.0.tgz#9bb92790d9c0effec63be73519e11a35019a3a72"

Trace: 
  SyntaxError: D:\Desktop\self\v8-share\package.json: Unexpected token } in JSON at position 63
      at JSON.parse (<anonymous>)
      at C:\Users\zhiwei.li\AppData\Roaming\npm\node_modules\yarn\lib\cli.js:770:59
      at Generator.next (<anonymous>)
      at step (C:\Users\zhiwei.li\AppData\Roaming\npm\node_modules\yarn\lib\cli.js:92:30)
      at C:\Users\zhiwei.li\AppData\Roaming\npm\node_modules\yarn\lib\cli.js:103:13
